$ next dev --turbopack
   ▲ Next.js 15.5.6 (Turbopack)
   - Local:        http://localhost:3000
   - Network:      http://169.254.0.21:3000

 ✓ Starting...
Attention: Next.js now collects completely anonymous telemetry regarding usage.
This information is used to shape Next.js' roadmap and prioritize features.
You can learn more, including how to opt-out if you'd not like to participate in this anonymous program, by visiting the following URL:
https://nextjs.org/telemetry

 ✓ Ready in 4.5s
 ○ Compiling / ...
 ✓ Compiled / in 5.7s
 GET / 200 in 6726ms
 ○ Compiling /favicon.ico ...
 ✓ Compiled /favicon.ico in 609ms
 GET /favicon.ico?favicon.bf3c9292.ico 200 in 969ms
 ✓ Compiled in 695ms
 ✓ Compiled in 154ms
 ✓ Compiled / in 55ms
 GET / 200 in 519ms
 ○ Compiling /_error ...
 ✓ Compiled /_error in 2.8s
 ⨯ A conflicting public file and page file was found for path /favicon.ico https://nextjs.org/docs/messages/conflicting-public-file-page
 GET /favicon.ico 500 in 3104ms
 GET / 200 in 217ms
 ⨯ A conflicting public file and page file was found for path /favicon.ico https://nextjs.org/docs/messages/conflicting-public-file-page
 GET /favicon.ico 500 in 104ms
 GET / 200 in 202ms
 ⨯ A conflicting public file and page file was found for path /favicon.ico https://nextjs.org/docs/messages/conflicting-public-file-page
 GET /favicon.ico 500 in 128ms
 ○ Compiling /custom ...
 ✓ Compiled /custom in 963ms
 GET /custom 200 in 1215ms
 ⨯ A conflicting public file and page file was found for path /favicon.ico https://nextjs.org/docs/messages/conflicting-public-file-page
 GET /favicon.ico 500 in 76ms
 ○ Compiling /products ...
 ✓ Compiled /products in 1041ms
 GET /products 200 in 1396ms
 ⨯ A conflicting public file and page file was found for path /favicon.ico https://nextjs.org/docs/messages/conflicting-public-file-page
 GET /favicon.ico 500 in 136ms
 ○ Compiling /products/panam ...
 ✓ Compiled /products/panam in 597ms
 GET /products/panam 200 in 787ms
 ⨯ A conflicting public file and page file was found for path /favicon.ico https://nextjs.org/docs/messages/conflicting-public-file-page
 GET /favicon.ico 500 in 105ms
 GET / 200 in 201ms
 ⨯ A conflicting public file and page file was found for path /favicon.ico https://nextjs.org/docs/messages/conflicting-public-file-page
 GET /favicon.ico 500 in 76ms
 GET /custom 200 in 189ms
 ⨯ A conflicting public file and page file was found for path /favicon.ico https://nextjs.org/docs/messages/conflicting-public-file-page
 GET /favicon.ico 500 in 61ms
 ✓ Compiled in 344ms
 ✓ Compiled in 237ms
 GET /custom 200 in 742ms
 ⨯ A conflicting public file and page file was found for path /favicon.ico https://nextjs.org/docs/messages/conflicting-public-file-page
 GET /favicon.ico 500 in 59ms
 ✓ Compiled in 185ms
